<?xml version="1.0" encoding="UTF-8" ?>
<testsuite errors="0" failures="0" hostname="FRC-VM" name="org.frc2706.example.robot.TimedDriveCommandTest" skipped="0" tests="2" time="0.2" timestamp="2015-11-24T05:29:49">
  <properties>
    <property name="junit-travis" value="../../../junit/junit.4.12.jar" />
    <property name="env.DESKTOP_SESSION" value="Lubuntu" />
    <property name="env.OLDPWD" value="/home/frc/workspace/frc-strongback" />
    <property name="file.encoding.pkg" value="sun.io" />
    <property name="env.SELINUX_INIT" value="YES" />
    <property name="env.ZSH" value="/home/frc/.oh-my-zsh" />
    <property name="java.home" value="/usr/lib/jvm/java-8-oracle/jre" />
    <property name="env.GDM_LANG" value="en_CA" />
    <property name="env.DISPLAY" value=":0" />
    <property name="env.XDG_VTNR" value="7" />
    <property name="env.XDG_GREETER_DATA_DIR" value="/var/lib/lightdm-data/frc" />
    <property name="java.endorsed.dirs" value="/usr/lib/jvm/java-8-oracle/jre/lib/endorsed" />
    <property name="env.LOGNAME" value="frc" />
    <property name="debuglevel" value="source,lines,vars" />
    <property name="env.XDG_SEAT" value="seat0" />
    <property name="ECLIPSE_HOME" value="../../../FRC/eclipse/" />
    <property name="sun.os.patch.level" value="unknown" />
    <property name="wpilib" value="../../../wpilib/java/current/lib/WPILib.jar" />
    <property name="java.vendor.url" value="http://java.oracle.com/" />
    <property name="env.XDG_SEAT_PATH" value="/org/freedesktop/DisplayManager/Seat0" />
    <property name="env.MANDATORY_PATH" value="/usr/share/gconf/Lubuntu.mandatory.path" />
    <property name="java.version" value="1.8.0_66" />
    <property name="env.J2SDKDIR" value="/usr/lib/jvm/java-8-oracle" />
    <property name="java.vendor.url.bug" value="http://bugreport.sun.com/bugreport/" />
    <property name="env.LANGUAGE" value="en_CA:en" />
    <property name="env.XDG_MENU_PREFIX" value="lxde-" />
    <property name="ant.project.invoked-targets" value="test" />
    <property name="env.XDG_DATA_DIRS" value="/etc/xdg/lubuntu:/usr/local/share:/usr/share:/usr/share/gdm:/var/lib/menu-xdg:/usr/share/Lubuntu:/usr/local/share/:/usr/share/" />
    <property name="env.GNOME_KEYRING_CONTROL" value="/run/user/1000/keyring-Hbh3G2" />
    <property name="env.UPSTART_SESSION" value="unix:abstract=/com/ubuntu/upstart-session/1000/1377" />
    <property name="env.XDG_CONFIG_HOME" value="/home/frc/.config" />
    <property name="user.name" value="frc" />
    <property name="env.LANG" value="en_CA.UTF-8" />
    <property name="sun.io.unicode.encoding" value="UnicodeLittle" />
    <property name="sun.jnu.encoding" value="UTF-8" />
    <property name="env.DBUS_SESSION_BUS_ADDRESS" value="unix:abstract=/tmp/dbus-d9fswa9fsw" />
    <property name="java.runtime.name" value="Java(TM) SE Runtime Environment" />
    <property name="java.specification.name" value="Java Platform API Specification" />
    <property name="env.ROXTERM_PID" value="2057" />
    <property name="user.timezone" value="" />
    <property name="path.separator" value=":" />
    <property name="env.ROXTERM_NUM" value="7" />
    <property name="env.XMODIFIERS" value="@im=ibus" />
    <property name="file.encoding" value="UTF-8" />
    <property name="ant.file.type.multi-robot-build" value="file" />
    <property name="ant.project.default-target" value="build" />
    <property name="env.HOME" value="/home/frc" />
    <property name="sun.java.command" value="org.apache.tools.ant.taskdefs.optional.junit.JUnitTestRunner org.frc2706.example.robot.TimedDriveCommandTest skipNonTests=false filtertrace=true haltOnError=false haltOnFailure=false formatter=org.apache.tools.ant.taskdefs.optional.junit.OutErrSummaryJUnitResultFormatter showoutput=false outputtoformatters=true logfailedtests=true logtestlistenerevents=false formatter=org.apache.tools.ant.taskdefs.optional.junit.XMLJUnitResultFormatter,/home/frc/workspace/frc-strongback/autonomous/junit/TEST-org.frc2706.example.robot.TimedDriveCommandTest.xml crashfile=/home/frc/workspace/frc-strongback/autonomous/junitvmwatcher2408304986451205065.properties propsfile=/home/frc/workspace/frc-strongback/autonomous/junit8246640473020694866.properties" />
    <property name="ant.file" value="/home/frc/workspace/frc-strongback/autonomous/build.xml" />
    <property name="env._" value="/usr/bin/ant" />
    <property name="java.io.tmpdir" value="/tmp" />
    <property name="env.GNOME_KEYRING_PID" value="1375" />
    <property name="user.language" value="en" />
    <property name="env.UPSTART_EVENTS" value="started xsession" />
    <property name="line.separator" value="&#xa;" />
    <property name="target" value="1.8" />
    <property name="ant.file.type" value="file" />
    <property name="env.J2REDIR" value="/usr/lib/jvm/java-8-oracle/jre" />
    <property name="env.CLUTTER_IM_MODULE" value="xim" />
    <property name="java.vm.info" value="mixed mode" />
    <property name="source" value="1.8" />
    <property name="java.vm.specification.name" value="Java Virtual Machine Specification" />
    <property name="env.TEXTDOMAIN" value="im-config" />
    <property name="env.IM_CONFIG_PHASE" value="1" />
    <property name="env.GDMSESSION" value="Lubuntu" />
    <property name="env.LC_CTYPE" value="en_CA.UTF-8" />
    <property name="java.awt.printerjob" value="sun.print.PSPrinterJob" />
    <property name="env.DEFAULTS_PATH" value="/usr/share/gconf/Lubuntu.default.path" />
    <property name="ant.version" value="Apache Ant(TM) version 1.9.3 compiled on April 8 2014" />
    <property name="env.WINDOWID" value="56676234" />
    <property name="env.XDG_SESSION_PATH" value="/org/freedesktop/DisplayManager/Session0" />
    <property name="env.JOB" value="dbus" />
    <property name="os.name" value="Linux" />
    <property name="java.specification.vendor" value="Oracle Corporation" />
    <property name="env.TERM" value="xterm" />
    <property name="java.vm.name" value="Java HotSpot(TM) 64-Bit Server VM" />
    <property name="env.QT_IM_MODULE" value="ibus" />
    <property name="java.library.path" value="/usr/java/packages/lib/amd64:/usr/lib64:/lib64:/lib:/usr/lib" />
    <property name="env.PATH" value="/home/frc/strongback/java/bin:/usr/local/sbin:/usr/local/bin:/usr/sbin:/usr/bin:/sbin:/bin:/usr/games:/usr/local/games" />
    <property name="env._LXSESSION_PID" value="1580" />
    <property name="ant.java.version" value="1.8" />
    <property name="env.TEXTDOMAINDIR" value="/usr/share/locale/" />
    <property name="basedir" value="/home/frc/workspace/frc-strongback/autonomous" />
    <property name="java.class.version" value="52.0" />
    <property name="env.SHLVL" value="1" />
    <property name="ant.home" value="/usr/share/ant" />
    <property name="ant.file.multi-robot-build" value="/home/frc/workspace/frc-strongback/build.xml" />
    <property name="env.UPSTART_JOB" value="lxsession" />
    <property name="sun.boot.library.path" value="/usr/lib/jvm/java-8-oracle/jre/lib/amd64" />
    <property name="sun.management.compiler" value="HotSpot 64-Bit Tiered Compilers" />
    <property name="java.awt.graphicsenv" value="sun.awt.X11GraphicsEnvironment" />
    <property name="env.USER" value="frc" />
    <property name="env.GTK_IM_MODULE" value="ibus" />
    <property name="env.GTK_MODULES" value="overlay-scrollbar" />
    <property name="env.LSCOLORS" value="Gxfxcxdxbxegedabagacad" />
    <property name="ant.project.name" value="frc-strongback" />
    <property name="env.ROXTERM_ID" value="0x12e6600" />
    <property name="env.SESSIONTYPE" value="lxsession" />
    <property name="env.LESS" value="-R" />
    <property name="java.vm.specification.version" value="1.8" />
    <property name="env.NLSPATH" value="/usr/dt/lib/nls/msg/%L/%N.cat" />
    <property name="awt.toolkit" value="sun.awt.X11.XToolkit" />
    <property name="sun.cpu.isalist" value="" />
    <property name="networktables" value="../../../wpilib/java/current/lib/NetworkTables.jar" />
    <property name="java.ext.dirs" value="/usr/lib/jvm/java-8-oracle/jre/lib/ext:/usr/java/packages/lib/ext" />
    <property name="os.version" value="3.13.0-68-generic" />
    <property name="env.QT_QPA_PLATFORMTHEME" value="appmenu-qt5" />
    <property name="user.home" value="/home/frc" />
    <property name="env.XDG_CURRENT_DESKTOP" value="LXDE" />
    <property name="java.vm.vendor" value="Oracle Corporation" />
    <property name="env.SAL_USE_VCLPLUGIN" value="gtk" />
    <property name="env.SESSION" value="Lubuntu" />
    <property name="env.JAVA_HOME" value="/usr/lib/jvm/java-8-oracle" />
    <property name="env.XDG_SESSION_ID" value="c2" />
    <property name="junit.output.dir" value="junit" />
    <property name="env.XAUTHORITY" value="/home/frc/.Xauthority" />
    <property name="user.dir" value="/home/frc/workspace/frc-strongback" />
    <property name="env.XFILESEARCHPATH" value="/usr/dt/app-defaults/%L/Dt" />
    <property name="env.PWD" value="/home/frc/workspace/frc-strongback" />
    <property name="sun.cpu.endian" value="little" />
    <property name="env.PAGER" value="less" />
    <property name="java.vm.version" value="25.66-b17" />
    <property name="java.class.path" value="/home/frc/junit/junit.4.12.jar:/home/frc/workspace/frc-strongback/autonomous/build/classes:/home/frc/workspace/frc-strongback/autonomous/build/test-classes:/home/frc/wpilib/java/current/lib/WPILib.jar:/home/frc/wpilib/java/current/lib/NetworkTables.jar:/home/frc/strongback/java/lib/strongback.jar:/home/frc/strongback/java/lib-tests/strongback-testing.jar:/home/frc/strongback/java/lib-tests/fest-assert-1.4.jar:/home/frc/strongback/java/lib-tests/fest-util-1.1.6.jar:/home/frc/strongback/java/lib-tests/hamcrest-core-1.3.jar:/home/frc/strongback/java/lib-tests/junit-4.11.jar:/home/frc/strongback/java/lib-tests/metrics-core-3.1.0.jar:/usr/share/ant/lib/junit.jar:/usr/share/java/ant-launcher-1.9.3.jar:/usr/share/ant/lib/ant.jar:/usr/share/ant/lib/ant-junit.jar:/usr/share/ant/lib/ant-junit4.jar" />
    <property name="env.DERBY_HOME" value="/usr/lib/jvm/java-8-oracle/db" />
    <property name="ant.library.dir" value="/usr/share/ant/lib" />
    <property name="os.arch" value="amd64" />
    <property name="ant.file.type.frc-strongback" value="file" />
    <property name="sun.java.launcher" value="SUN_STANDARD" />
    <property name="ant.core.lib" value="/usr/share/ant/lib/ant.jar" />
    <property name="env.UPSTART_INSTANCE" value="" />
    <property name="java.vm.specification.vendor" value="Oracle Corporation" />
    <property name="file.separator" value="/" />
    <property name="java.runtime.version" value="1.8.0_66-b17" />
    <property name="env.SSH_AUTH_SOCK" value="/run/user/1000/keyring-Hbh3G2/ssh" />
    <property name="sun.boot.class.path" value="/usr/lib/jvm/java-8-oracle/jre/lib/resources.jar:/usr/lib/jvm/java-8-oracle/jre/lib/rt.jar:/usr/lib/jvm/java-8-oracle/jre/lib/sunrsasign.jar:/usr/lib/jvm/java-8-oracle/jre/lib/jsse.jar:/usr/lib/jvm/java-8-oracle/jre/lib/jce.jar:/usr/lib/jvm/java-8-oracle/jre/lib/charsets.jar:/usr/lib/jvm/java-8-oracle/jre/lib/jfr.jar:/usr/lib/jvm/java-8-oracle/jre/classes" />
    <property name="env.QT4_IM_MODULE" value="xim" />
    <property name="env.XDG_CONFIG_DIRS" value="/etc/xdg/lubuntu:/etc/xdg/xdg-Lubuntu:/usr/share/upstart/xdg:/etc/xdg" />
    <property name="env.XDG_RUNTIME_DIR" value="/run/user/1000" />
    <property name="ant.file.frc-strongback" value="/home/frc/workspace/frc-strongback/autonomous/build.xml" />
    <property name="user.country" value="CA" />
    <property name="env.INSTANCE" value="" />
    <property name="env.SHELL" value="/usr/bin/zsh" />
    <property name="java.vendor" value="Oracle Corporation" />
    <property name="env.GPG_AGENT_INFO" value="/run/user/1000/keyring-Hbh3G2/gpg:0:1" />
    <property name="java.specification.version" value="1.8" />
    <property name="sun.arch.data.model" value="64" />
  </properties>
  <testcase classname="org.frc2706.example.robot.TimedDriveCommandTest" name="shouldDriveForwardAndStopAfterDuration" time="0.139" />
  <testcase classname="org.frc2706.example.robot.TimedDriveCommandTest" name="shouldStopWhenCancelled" time="0.0" />
  <system-out><![CDATA[]]></system-out>
  <system-err><![CDATA[]]></system-err>
</testsuite>
